<?xml version="1.0" encoding="UTF-8"?>
<!-- Generated by org.testng.reporters.JUnitReportReporter -->
<testsuite hostname="LAPTOP-96OMJK1J" failures="0" tests="1" name="trainingautomation.DatePickerwithDropDown" time="13.264" errors="0" timestamp="2022-07-11T11:54:17 AEST" skipped="0">
  <testcase classname="trainingautomation.DatePickerwithDropDown" name="DatepickerDrpDwnTest" time="13.264"/>
  <system-out/>
</testsuite> <!-- trainingautomation.DatePickerwithDropDown -->
