<?xml version="1.0" encoding="UTF-8"?>
<!-- Generated by org.testng.reporters.JUnitReportReporter -->
<testsuite hostname="LAPTOP-96OMJK1J" failures="0" tests="1" name="trainingautomation.Datepicker" time="10.905" errors="0" timestamp="2022-07-11T11:16:02 AEST" skipped="0">
  <testcase classname="trainingautomation.Datepicker" name="DatepickerTest" time="10.905"/>
  <system-out/>
</testsuite> <!-- trainingautomation.Datepicker -->
