<?xml version="1.0" encoding="UTF-8"?>
<!-- Generated by org.testng.reporters.JUnitReportReporter -->
<testsuite hostname="LAPTOP-96OMJK1J" failures="0" tests="1" name="trainingautomation.PracticeAutomation" time="11.845" errors="0" timestamp="2022-07-09T19:21:04 AEST" skipped="0">
  <testcase classname="trainingautomation.PracticeAutomation" name="dropdownTest" time="11.845"/>
  <system-out/>
</testsuite> <!-- trainingautomation.PracticeAutomation -->
