<?xml version="1.0" encoding="UTF-8"?>
<!-- Generated by org.testng.reporters.JUnitReportReporter -->
<testsuite hostname="LAPTOP-96OMJK1J" failures="0" tests="1" name="trainingautomation.JavascriptClickDemo" time="8.787" errors="0" timestamp="2022-07-11T22:39:44 AEST" skipped="0">
  <testcase classname="trainingautomation.JavascriptClickDemo" name="JSExecutorClickTest" time="8.787"/>
  <system-out/>
</testsuite> <!-- trainingautomation.JavascriptClickDemo -->
