<?xml version="1.0" encoding="UTF-8"?>
<!-- Generated by org.testng.reporters.JUnitReportReporter -->
<testsuite hostname="LAPTOP-96OMJK1J" failures="0" tests="1" name="trainingautomation.JavaScriptExceutorDemo" time="15.424" errors="0" timestamp="2022-07-11T22:10:24 AEST" skipped="0">
  <testcase classname="trainingautomation.JavaScriptExceutorDemo" name="JSExecutorTest" time="15.424"/>
  <system-out/>
</testsuite> <!-- trainingautomation.JavaScriptExceutorDemo -->
