<?xml version="1.0" encoding="UTF-8"?>
<!-- Generated by org.testng.reporters.JUnitReportReporter -->
<testsuite hostname="LAPTOP-96OMJK1J" failures="0" tests="1" name="trainingautomation.FrameDemo" time="5.340" errors="0" timestamp="2022-07-09T14:17:12 AEST" skipped="0">
  <testcase classname="trainingautomation.FrameDemo" name="frameTest" time="5.340"/>
  <system-out/>
</testsuite> <!-- trainingautomation.FrameDemo -->
